<?xml version="1.0" encoding="UTF-8" ?>
<testsuite tests="31" failures="0" name="ioc.tukartaserver.gestorDB.GestorDBTest" time="5.681" errors="0" skipped="0">
  <properties>
    <property name="java.runtime.name" value="Java(TM) SE Runtime Environment"/>
    <property name="java.vm.version" value="11.0.2+9-LTS"/>
    <property name="sun.boot.library.path" value="C:\Program Files\Java\jdk-11.0.2\bin"/>
    <property name="maven.multiModuleProjectDirectory" value="D:\Documentos\NetBeansProjects\TuKartaServer"/>
    <property name="java.vm.vendor" value="Oracle Corporation"/>
    <property name="java.vendor.url" value="http://java.oracle.com/"/>
    <property name="guice.disable.misplaced.annotation.check" value="true"/>
    <property name="path.separator" value=";"/>
    <property name="java.vm.name" value="Java HotSpot(TM) 64-Bit Server VM"/>
    <property name="sun.os.patch.level" value=""/>
    <property name="user.script" value=""/>
    <property name="user.country" value="ES"/>
    <property name="sun.java.launcher" value="SUN_STANDARD"/>
    <property name="test" value="ioc.tukartaserver.gestorDB.GestorDBTest"/>
    <property name="java.vm.specification.name" value="Java Virtual Machine Specification"/>
    <property name="user.dir" value="D:\Documentos\NetBeansProjects\TuKartaServer"/>
    <property name="java.vm.compressedOopsMode" value="32-bit"/>
    <property name="java.runtime.version" value="11.0.2+9-LTS"/>
    <property name="java.awt.graphicsenv" value="sun.awt.Win32GraphicsEnvironment"/>
    <property name="os.arch" value="amd64"/>
    <property name="java.io.tmpdir" value="C:\Users\Manu\AppData\Local\Temp\"/>
    <property name="line.separator" value="
"/>
    <property name="java.vm.specification.vendor" value="Oracle Corporation"/>
    <property name="user.variant" value=""/>
    <property name="os.name" value="Windows 10"/>
    <property name="maven.ext.class.path" value="C:\Program Files\NetBeans-12.1\netbeans\java\maven-nblib\netbeans-eventspy.jar"/>
    <property name="classworlds.conf" value="C:\Program Files\NetBeans-12.1\netbeans\java\maven\bin\..\bin\m2.conf"/>
    <property name="sun.jnu.encoding" value="Cp1252"/>
    <property name="java.library.path" value="C:\Program Files\Java\jdk-11.0.2\bin;C:\WINDOWS\Sun\Java\bin;C:\WINDOWS\system32;C:\WINDOWS;C:\Program Files (x86)\Common Files\Oracle\Java\javapath;C:\Program Files (x86)\Intel\iCLS Client\;C:\Program Files\Intel\iCLS Client\;C:\Windows\system32;C:\Windows;C:\Windows\System32\Wbem;C:\Windows\System32\WindowsPowerShell\v1.0\;C:\Windows\System32\OpenSSH\;C:\Program Files\NVIDIA Corporation\NVIDIA NvDLISR;C:\Program Files (x86)\NVIDIA Corporation\PhysX\Common;C:\Program Files (x86)\Intel\Intel(R) Management Engine Components\DAL;C:\Program Files\Intel\Intel(R) Management Engine Components\DAL;C:\Program Files (x86)\Intel\Intel(R) Management Engine Components\IPT;C:\Program Files\Intel\Intel(R) Management Engine Components\IPT;C:\Program Files\Intel\WiFi\bin\;C:\Program Files\Common Files\Intel\WirelessCommon\;C:\Program Files\Microsoft SQL Server\110\Tools\Binn\;C:\Program Files\Microsoft SQL Server\120\Tools\Binn\;C:\WINDOWS\system32;C:\WINDOWS;C:\WINDOWS\System32\Wbem;C:\WINDOWS\System32\WindowsPowerShell\v1.0\;C:\WINDOWS\System32\OpenSSH\;C:\Program Files\Microsoft SQL Server\130\Tools\Binn\;D:\Archivos de Programa\Git\cmd;C:\Program Files (x86)\QuickTime\QTSystem\;D:\Archivos de Programa\node\;C:\Program Files\Java\jdk1.8.0_201\bin;D:\apache-maven-3.6.3-bin\apache-maven-3.6.3\bin;C:\Users\Manu\AppData\Local\Microsoft\WindowsApps;C:\Program Files\Intel\WiFi\bin\;C:\Program Files\Common Files\Intel\WirelessCommon\;D:\Archivos de Programa\Microsoft VS Code\bin;C:\Users\Manu\AppData\Local\GitHubDesktop\bin;C:\Users\Manu\AppData\Local\Microsoft\WindowsApps;C:\Users\Manu\AppData\Roaming\npm;."/>
    <property name="maven.conf" value="C:\Program Files\NetBeans-12.1\netbeans\java\maven\bin\../conf"/>
    <property name="jdk.debug" value="release"/>
    <property name="java.class.version" value="55.0"/>
    <property name="java.specification.name" value="Java Platform API Specification"/>
    <property name="sun.management.compiler" value="HotSpot 64-Bit Tiered Compilers"/>
    <property name="os.version" value="10.0"/>
    <property name="library.jansi.path" value="C:\Program Files\NetBeans-12.1\netbeans\java\maven\bin\..\lib\jansi-native"/>
    <property name="user.home" value="C:\Users\Manu"/>
    <property name="user.timezone" value="Europe/Paris"/>
    <property name="java.awt.printerjob" value="sun.awt.windows.WPrinterJob"/>
    <property name="file.encoding" value="UTF-8"/>
    <property name="java.specification.version" value="11"/>
    <property name="user.name" value="Manu"/>
    <property name="java.class.path" value="C:\Program Files\NetBeans-12.1\netbeans\java\maven\bin\..\boot\plexus-classworlds-2.6.0.jar"/>
    <property name="java.vm.specification.version" value="11"/>
    <property name="sun.arch.data.model" value="64"/>
    <property name="sun.java.command" value="org.codehaus.plexus.classworlds.launcher.Launcher -Dtest=ioc.tukartaserver.gestorDB.GestorDBTest -Dmaven.ext.class.path=C:\Program Files\NetBeans-12.1\netbeans\java\maven-nblib\netbeans-eventspy.jar -Dfile.encoding=UTF-8 test-compile surefire:test"/>
    <property name="java.home" value="C:\Program Files\Java\jdk-11.0.2"/>
    <property name="user.language" value="es"/>
    <property name="java.specification.vendor" value="Oracle Corporation"/>
    <property name="awt.toolkit" value="sun.awt.windows.WToolkit"/>
    <property name="java.vm.info" value="mixed mode"/>
    <property name="java.version" value="11.0.2"/>
    <property name="java.vendor" value="Oracle Corporation"/>
    <property name="maven.home" value="C:\Program Files\NetBeans-12.1\netbeans\java\maven\bin\.."/>
    <property name="file.separator" value="\"/>
    <property name="java.version.date" value="2019-01-15"/>
    <property name="java.vendor.url.bug" value="http://bugreport.java.com/bugreport/"/>
    <property name="sun.io.unicode.encoding" value="UnicodeLittle"/>
    <property name="sun.cpu.endian" value="little"/>
    <property name="java.vendor.version" value="18.9"/>
    <property name="sun.desktop" value="windows"/>
    <property name="sun.cpu.isalist" value="amd64"/>
  </properties>
  <testcase classname="ioc.tukartaserver.gestorDB.GestorDBTest" name="addProductoEstado_productoSi_pedidoNo_estadoSi" time="1.052"/>
  <testcase classname="ioc.tukartaserver.gestorDB.GestorDBTest" name="selectDataUser_gestorOK" time="0.122"/>
  <testcase classname="ioc.tukartaserver.gestorDB.GestorDBTest" name="login_usuarioNoEncontradoAdmin" time="0.07"/>
  <testcase classname="ioc.tukartaserver.gestorDB.GestorDBTest" name="selectDataUser_EmpleadoEmailNull" time="0.001"/>
  <testcase classname="ioc.tukartaserver.gestorDB.GestorDBTest" name="addProductoEstado_productoSi_pedidoSi_estadoSi" time="0.493"/>
  <testcase classname="ioc.tukartaserver.gestorDB.GestorDBTest" name="addProductoEstado_productoSi_pedidoSi_estadoNull" time="0.441"/>
  <testcase classname="ioc.tukartaserver.gestorDB.GestorDBTest" name="login_usuarioEncontradoNoAdmin" time="0.1"/>
  <testcase classname="ioc.tukartaserver.gestorDB.GestorDBTest" name="selectDataUser_usuarioNoExiste" time="0.069"/>
  <testcase classname="ioc.tukartaserver.gestorDB.GestorDBTest" name="constructorSentenciaLoginAdmin" time="0.008"/>
  <testcase classname="ioc.tukartaserver.gestorDB.GestorDBTest" name="addProductoEstado_productoNo_pedidoSi_estadoSi" time="0.146"/>
  <testcase classname="ioc.tukartaserver.gestorDB.GestorDBTest" name="bajaUser_empleadoNoEnBD" time="0.082"/>
  <testcase classname="ioc.tukartaserver.gestorDB.GestorDBTest" name="construirUserFromResult_GestorOK" time="0.072"/>
  <testcase classname="ioc.tukartaserver.gestorDB.GestorDBTest" name="datosNullLogin" time="0"/>
  <testcase classname="ioc.tukartaserver.gestorDB.GestorDBTest" name="updateData_pedidoNO" time="0.077"/>
  <testcase classname="ioc.tukartaserver.gestorDB.GestorDBTest" name="updateData_pedidoOK" time="0.386"/>
  <testcase classname="ioc.tukartaserver.gestorDB.GestorDBTest" name="login_usuarioEncontradoPassOkAdmin" time="0.081"/>
  <testcase classname="ioc.tukartaserver.gestorDB.GestorDBTest" name="construirUserFromResult_EmpleadoOK" time="0.231"/>
  <testcase classname="ioc.tukartaserver.gestorDB.GestorDBTest" name="login_usuarioEncontradoPassOkNoAdmin" time="0.074"/>
  <testcase classname="ioc.tukartaserver.gestorDB.GestorDBTest" name="login_usuarioEncontradoNoPassAdmin" time="0.067"/>
  <testcase classname="ioc.tukartaserver.gestorDB.GestorDBTest" name="login_usuarioEncontradoNoPassNoAdmin" time="0.079"/>
  <testcase classname="ioc.tukartaserver.gestorDB.GestorDBTest" name="constructorSentenciaLoginNoAdmin" time="0.001"/>
  <testcase classname="ioc.tukartaserver.gestorDB.GestorDBTest" name="deleteProductoFrom_id_ok" time="0.555"/>
  <testcase classname="ioc.tukartaserver.gestorDB.GestorDBTest" name="addProductoEstado_productoSi_pedidoNo_estadoNull" time="0.21"/>
  <testcase classname="ioc.tukartaserver.gestorDB.GestorDBTest" name="bajaUser_empleadoCorrecto" time="0.225"/>
  <testcase classname="ioc.tukartaserver.gestorDB.GestorDBTest" name="login_usuarioNoEncontradoNoAdmin" time="0.065"/>
  <testcase classname="ioc.tukartaserver.gestorDB.GestorDBTest" name="deleteProductoFrom_detalles_ok" time="0.538"/>
  <testcase classname="ioc.tukartaserver.gestorDB.GestorDBTest" name="comprobarProducto_no" time="0.073"/>
  <testcase classname="ioc.tukartaserver.gestorDB.GestorDBTest" name="comprobarProducto_si" time="0.219"/>
  <testcase classname="ioc.tukartaserver.gestorDB.GestorDBTest" name="bajaUser_empleadoNull" time="0.001"/>
  <testcase classname="ioc.tukartaserver.gestorDB.GestorDBTest" name="datosNullLoginAdmin" time="0.001"/>
  <testcase classname="ioc.tukartaserver.gestorDB.GestorDBTest" name="addProductoEstado_productoNo_pedidoSi_estadoNull" time="0.142"/>
</testsuite>